<?xml version="1.0" encoding="UTF-8"?>
<testsuite xmlns:xsi="http://www.w3.org/2001/XMLSchema-instance" xsi:noNamespaceSchemaLocation="https://maven.apache.org/surefire/maven-surefire-plugin/xsd/surefire-test-report-3.0.xsd" version="3.0" name="com.gs.techchallenge.security.SecurityIntegrationTest" time="5.76" tests="10" errors="0" skipped="0" failures="0">
  <properties>
[...]
</properties>
  <testcase name="authenticatedUserCanAccessInvestments" classname="com.gs.techchallenge.security.SecurityIntegrationTest" time="3.463">
    <system-out><![CDATA[12:53:45.765 [main] INFO org.springframework.test.context.support.AnnotationConfigContextLoaderUtils -- Could not detect default configuration classes for test class [com.gs.techchallenge.security.SecurityIntegrationTest]: SecurityIntegrationTest does not declare any static, non-private, non-final, nested classes annotated with @Configuration.
12:53:45.810 [main] INFO org.springframework.boot.test.context.SpringBootTestContextBootstrapper -- Found @SpringBootConfiguration com.gs.techchallenge.TechChallengeApplication for test class com.gs.techchallenge.security.SecurityIntegrationTest

  .   ____          _            __ _ _
 /\\ / ___'_ __ _ _(_)_ __  __ _ \ \ \ \
( ( )\___ | '_ | '_| | '_ \/ _` | \ \ \ \
 \\/  ___)| |_)| | | | | || (_| |  ) ) ) )
  '  |____| .__|_| |_|_| |_\__, | / / / /
 =========|_|==============|___/=/_/_/_/

 :: Spring Boot ::                (v3.3.8)

2026-03-05T12:53:45.937-06:00  INFO 29699 --- [           main] c.g.t.security.SecurityIntegrationTest   : Starting SecurityIntegrationTest using Java 25.0.2 with PID 29699 (started by patrickbofah in /Users/patrickbofah/BOFAH/Projects/Github/gs-tech-challenge)
2026-03-05T12:53:45.938-06:00  INFO 29699 --- [           main] c.g.t.security.SecurityIntegrationTest   : No active profile set, falling back to 1 default profile: "default"
2026-03-05T12:53:46.166-06:00  INFO 29699 --- [           main] .s.d.r.c.RepositoryConfigurationDelegate : Bootstrapping Spring Data MongoDB repositories in DEFAULT mode.
2026-03-05T12:53:46.184-06:00  INFO 29699 --- [           main] .s.d.r.c.RepositoryConfigurationDelegate : Finished Spring Data repository scanning in 16 ms. Found 1 MongoDB repository interface.
2026-03-05T12:53:46.285-06:00  WARN 29699 --- [           main] trationDelegate$BeanPostProcessorChecker : Bean 'de.flapdoodle.embed.mongo.spring.autoconfigure.EmbeddedMongoAutoConfiguration' of type [de.flapdoodle.embed.mongo.spring.autoconfigure.EmbeddedMongoAutoConfiguration] is not eligible for getting processed by all BeanPostProcessors (for example: not eligible for auto-proxying). The currently created BeanPostProcessor [fixTransactionAndAuth] is declared through a non-static factory method on that class; consider declaring it as static instead.
2026-03-05T12:53:46.290-06:00  WARN 29699 --- [           main] trationDelegate$BeanPostProcessorChecker : Bean 'de.flapdoodle.mongodb.embedded-de.flapdoodle.embed.mongo.spring.autoconfigure.EmbeddedMongoProperties' of type [de.flapdoodle.embed.mongo.spring.autoconfigure.EmbeddedMongoProperties] is not eligible for getting processed by all BeanPostProcessors (for example: not eligible for auto-proxying). Is this bean getting eagerly injected/applied to a currently created BeanPostProcessor [fixTransactionAndAuth]? Check the corresponding BeanPostProcessor declaration and its dependencies/advisors. If this bean does not have to be post-processed, declare it with ROLE_INFRASTRUCTURE.
2026-03-05T12:53:46.305-06:00  WARN 29699 --- [           main] trationDelegate$BeanPostProcessorChecker : Bean 'net' of type [de.flapdoodle.embed.mongo.config.ImmutableNet] is not eligible for getting processed by all BeanPostProcessors (for example: not eligible for auto-proxying). Is this bean getting eagerly injected/applied to a currently created BeanPostProcessor [fixTransactionAndAuth]? Check the corresponding BeanPostProcessor declaration and its dependencies/advisors. If this bean does not have to be post-processed, declare it with ROLE_INFRASTRUCTURE.
2026-03-05T12:53:46.307-06:00  WARN 29699 --- [           main] trationDelegate$BeanPostProcessorChecker : Bean 'spring.data.mongodb-org.springframework.boot.autoconfigure.mongo.MongoProperties' of type [org.springframework.boot.autoconfigure.mongo.MongoProperties] is not eligible for getting processed by all BeanPostProcessors (for example: not eligible for auto-proxying). Is this bean getting eagerly injected/applied to a currently created BeanPostProcessor [fixTransactionAndAuth]? Check the corresponding BeanPostProcessor declaration and its dependencies/advisors. If this bean does not have to be post-processed, declare it with ROLE_INFRASTRUCTURE.
2026-03-05T12:53:46.342-06:00  INFO 29699 --- [           main] d.f.e.m.s.a.SyncClientServerFactory      : sync server factory
2026-03-05T12:53:46.693-06:00  INFO 29699 --- [       Thread-3] d.f.e.m.s.autoconfigure.EmbeddedMongo    : {"t":{"$date":"2026-03-05T12:53:46.692-06:00"},"s":"I",  "c":"NETWORK",  "id":4915701, "ctx":"thread1","msg":"Initialized wire specification","attr":{"spec":{"incomingExternalClient":{"minWireVersion":0,"maxWireVersion":21},"incomingInternalClient":{"minWireVersion":0,"maxWireVersion":21},"outgoing":{"minWireVersion":6,"maxWireVersion":21},"isInternalClient":true}}}
2026-03-05T12:53:46.694-06:00  INFO 29699 --- [       Thread-3] d.f.e.m.s.autoconfigure.EmbeddedMongo    : {"t":{"$date":"2026-03-05T12:53:46.693-06:00"},"s":"I",  "c":"CONTROL",  "id":23285,   "ctx":"thread1","msg":"Automatically disabling TLS 1.0, to force-enable TLS 1.0 specify --sslDisabledProtocols 'none'"}
2026-03-05T12:53:46.706-06:00  INFO 29699 --- [       Thread-3] d.f.e.m.s.autoconfigure.EmbeddedMongo    : {"t":{"$date":"2026-03-05T12:53:46.706-06:00"},"s":"I",  "c":"NETWORK",  "id":4648602, "ctx":"thread1","msg":"Implicit TCP FastOpen in use."}
2026-03-05T12:53:46.711-06:00  INFO 29699 --- [       Thread-3] d.f.e.m.s.autoconfigure.EmbeddedMongo    : {"t":{"$date":"2026-03-05T12:53:46.711-06:00"},"s":"I",  "c":"REPL",     "id":5123008, "ctx":"thread1","msg":"Successfully registered PrimaryOnlyService","attr":{"service":"TenantMigrationDonorService","namespace":"config.tenantMigrationDonors"}}
2026-03-05T12:53:46.711-06:00  INFO 29699 --- [       Thread-3] d.f.e.m.s.autoconfigure.EmbeddedMongo    : {"t":{"$date":"2026-03-05T12:53:46.711-06:00"},"s":"I",  "c":"REPL",     "id":5123008, "ctx":"thread1","msg":"Successfully registered PrimaryOnlyService","attr":{"service":"TenantMigrationRecipientService","namespace":"config.tenantMigrationRecipients"}}
2026-03-05T12:53:46.711-06:00  INFO 29699 --- [       Thread-3] d.f.e.m.s.autoconfigure.EmbeddedMongo    : {"t":{"$date":"2026-03-05T12:53:46.711-06:00"},"s":"I",  "c":"CONTROL",  "id":5945603, "ctx":"thread1","msg":"Multi threading initialized"}
2026-03-05T12:53:46.711-06:00  INFO 29699 --- [       Thread-3] d.f.e.m.s.autoconfigure.EmbeddedMongo    : {"t":{"$date":"2026-03-05T12:53:46.711-06:00"},"s":"I",  "c":"TENANT_M", "id":7091600, "ctx":"thread1","msg":"Starting TenantMigrationAccessBlockerRegistry"}
2026-03-05T12:53:46.712-06:00  INFO 29699 --- [       Thread-3] d.f.e.m.s.autoconfigure.EmbeddedMongo    : {"t":{"$date":"2026-03-05T12:53:46.711-06:00"},"s":"I",  "c":"CONTROL",  "id":4615611, "ctx":"initandlisten","msg":"MongoDB starting","attr":{"pid":29700,"port":53598,"dbPath":"/var/folders/dn/8q_rpqh570q7flsqmxmn2tc80000gn/T/temp--17743569-8536-4406-a412-fb0802d2e06f/mongod-database11430121759605115628","architecture":"64-bit","host":"Patricks-MacBook-Pro.local"}}
2026-03-05T12:53:46.712-06:00  INFO 29699 --- [       Thread-3] d.f.e.m.s.autoconfigure.EmbeddedMongo    : {"t":{"$date":"2026-03-05T12:53:46.711-06:00"},"s":"I",  "c":"CONTROL",  "id":23403,   "ctx":"initandlisten","msg":"Build Info","attr":{"buildInfo":{"version":"7.0.0","gitVersion":"37d84072b5c5b9fd723db5fa133fb202ad2317f1","modules":[],"allocator":"system","environment":{"distarch":"aarch64","target_arch":"aarch64"}}}}
2026-03-05T12:53:46.712-06:00  INFO 29699 --- [       Thread-3] d.f.e.m.s.autoconfigure.EmbeddedMongo    : {"t":{"$date":"2026-03-05T12:53:46.711-06:00"},"s":"I",  "c":"CONTROL",  "id":51765,   "ctx":"initandlisten","msg":"Operating System","attr":{"os":{"name":"Mac OS X","version":"25.3.0"}}}
2026-03-05T12:53:46.712-06:00  INFO 29699 --- [       Thread-3] d.f.e.m.s.autoconfigure.EmbeddedMongo    : {"t":{"$date":"2026-03-05T12:53:46.711-06:00"},"s":"I",  "c":"CONTROL",  "id":21951,   "ctx":"initandlisten","msg":"Options set by command line","attr":{"options":{"net":{"bindIp":"127.0.0.1","port":53598},"security":{"authorization":"disabled"},"storage":{"dbPath":"/var/folders/dn/8q_rpqh570q7flsqmxmn2tc80000gn/T/temp--17743569-8536-4406-a412-fb0802d2e06f/mongod-database11430121759605115628","syncPeriodSecs":0}}}}
2026-03-05T12:53:46.713-06:00  INFO 29699 --- [       Thread-3] d.f.e.m.s.autoconfigure.EmbeddedMongo    : {"t":{"$date":"2026-03-05T12:53:46.713-06:00"},"s":"I",  "c":"NETWORK",  "id":5693100, "ctx":"initandlisten","msg":"Asio socket.set_option failed with std::system_error","attr":{"note":"acceptor TCP fast open","option":{"level":6,"name":261,"data":"00 04 00 00"},"error":{"what":"set_option: Invalid argument","message":"Invalid argument","category":"asio.system","value":22}}}
2026-03-05T12:53:46.714-06:00  INFO 29699 --- [       Thread-3] d.f.e.m.s.autoconfigure.EmbeddedMongo    : {"t":{"$date":"2026-03-05T12:53:46.714-06:00"},"s":"I",  "c":"STORAGE",  "id":22315,   "ctx":"initandlisten","msg":"Opening WiredTiger","attr":{"config":"create,cache_size=11776M,session_max=33000,eviction=(threads_min=4,threads_max=4),config_base=false,statistics=(fast),log=(enabled=true,remove=true,path=journal,compressor=snappy),builtin_extension_config=(zstd=(compression_level=6)),file_manager=(close_idle_time=600,close_scan_interval=10,close_handle_minimum=2000),statistics_log=(wait=0),json_output=(error,message),verbose=[recovery_progress:1,checkpoint_progress:1,compact_progress:1,backup:0,checkpoint:0,compact:0,evict:0,history_store:0,recovery:0,rts:0,salvage:0,tiered:0,timestamp:0,transaction:0,verify:0,log:0],"}}
2026-03-05T12:53:46.922-06:00  INFO 29699 --- [       Thread-3] d.f.e.m.s.autoconfigure.EmbeddedMongo    : {"t":{"$date":"2026-03-05T12:53:46.922-06:00"},"s":"I",  "c":"STORAGE",  "id":4795906, "ctx":"initandlisten","msg":"WiredTiger opened","attr":{"durationMillis":208}}
2026-03-05T12:53:46.922-06:00  INFO 29699 --- [       Thread-3] d.f.e.m.s.autoconfigure.EmbeddedMongo    : {"t":{"$date":"2026-03-05T12:53:46.922-06:00"},"s":"I",  "c":"RECOVERY", "id":23987,   "ctx":"initandlisten","msg":"WiredTiger recoveryTimestamp","attr":{"recoveryTimestamp":{"$timestamp":{"t":0,"i":0}}}}
2026-03-05T12:53:46.952-06:00  INFO 29699 --- [       Thread-3] d.f.e.m.s.autoconfigure.EmbeddedMongo    : {"t":{"$date":"2026-03-05T12:53:46.952-06:00"},"s":"I",  "c":"STORAGE",  "id":20320,   "ctx":"initandlisten","msg":"createCollection","attr":{"namespace":"admin.system.version","uuidDisposition":"provided","uuid":{"uuid":{"$uuid":"45cd99a4-1157-4a56-8ca1-f5b861525a75"}},"options":{"uuid":{"$uuid":"45cd99a4-1157-4a56-8ca1-f5b861525a75"}}}}
2026-03-05T12:53:46.974-06:00  INFO 29699 --- [       Thread-3] d.f.e.m.s.autoconfigure.EmbeddedMongo    : {"t":{"$date":"2026-03-05T12:53:46.974-06:00"},"s":"I",  "c":"INDEX",    "id":20345,   "ctx":"initandlisten","msg":"Index build: done building","attr":{"buildUUID":null,"collectionUUID":{"uuid":{"$uuid":"45cd99a4-1157-4a56-8ca1-f5b861525a75"}},"namespace":"admin.system.version","index":"_id_","ident":"index-1--2470872639123550772","collectionIdent":"collection-0--2470872639123550772","commitTimestamp":null}}
2026-03-05T12:53:46.974-06:00  INFO 29699 --- [       Thread-3] d.f.e.m.s.autoconfigure.EmbeddedMongo    : {"t":{"$date":"2026-03-05T12:53:46.974-06:00"},"s":"I",  "c":"REPL",     "id":20459,   "ctx":"initandlisten","msg":"Setting featureCompatibilityVersion","attr":{"newVersion":"7.0"}}
2026-03-05T12:53:46.974-06:00  INFO 29699 --- [       Thread-3] d.f.e.m.s.autoconfigure.EmbeddedMongo    : {"t":{"$date":"2026-03-05T12:53:46.974-06:00"},"s":"I",  "c":"REPL",     "id":5853300, "ctx":"initandlisten","msg":"current featureCompatibilityVersion value","attr":{"featureCompatibilityVersion":"7.0","context":"setFCV"}}
2026-03-05T12:53:46.974-06:00  INFO 29699 --- [       Thread-3] d.f.e.m.s.autoconfigure.EmbeddedMongo    : {"t":{"$date":"2026-03-05T12:53:46.974-06:00"},"s":"I",  "c":"NETWORK",  "id":4915702, "ctx":"initandlisten","msg":"Updated wire specification","attr":{"oldSpec":{"incomingExternalClient":{"minWireVersion":0,"maxWireVersion":21},"incomingInternalClient":{"minWireVersion":0,"maxWireVersion":21},"outgoing":{"minWireVersion":6,"maxWireVersion":21},"isInternalClient":true},"newSpec":{"incomingExternalClient":{"minWireVersion":0,"maxWireVersion":21},"incomingInternalClient":{"minWireVersion":21,"maxWireVersion":21},"outgoing":{"minWireVersion":21,"maxWireVersion":21},"isInternalClient":true}}}
2026-03-05T12:53:46.975-06:00  INFO 29699 --- [       Thread-3] d.f.e.m.s.autoconfigure.EmbeddedMongo    : {"t":{"$date":"2026-03-05T12:53:46.975-06:00"},"s":"I",  "c":"NETWORK",  "id":4915702, "ctx":"initandlisten","msg":"Updated wire specification","attr":{"oldSpec":{"incomingExternalClient":{"minWireVersion":0,"maxWireVersion":21},"incomingInternalClient":{"minWireVersion":21,"maxWireVersion":21},"outgoing":{"minWireVersion":21,"maxWireVersion":21},"isInternalClient":true},"newSpec":{"incomingExternalClient":{"minWireVersion":0,"maxWireVersion":21},"incomingInternalClient":{"minWireVersion":21,"maxWireVersion":21},"outgoing":{"minWireVersion":21,"maxWireVersion":21},"isInternalClient":true}}}
2026-03-05T12:53:46.975-06:00  INFO 29699 --- [       Thread-3] d.f.e.m.s.autoconfigure.EmbeddedMongo    : {"t":{"$date":"2026-03-05T12:53:46.975-06:00"},"s":"I",  "c":"REPL",     "id":5853300, "ctx":"initandlisten","msg":"current featureCompatibilityVersion value","attr":{"featureCompatibilityVersion":"7.0","context":"startup"}}
2026-03-05T12:53:46.975-06:00  INFO 29699 --- [       Thread-3] d.f.e.m.s.autoconfigure.EmbeddedMongo    : {"t":{"$date":"2026-03-05T12:53:46.975-06:00"},"s":"I",  "c":"STORAGE",  "id":5071100, "ctx":"initandlisten","msg":"Clearing temp directory"}
2026-03-05T12:53:46.975-06:00  INFO 29699 --- [       Thread-3] d.f.e.m.s.autoconfigure.EmbeddedMongo    : {"t":{"$date":"2026-03-05T12:53:46.975-06:00"},"s":"I",  "c":"CONTROL",  "id":6608200, "ctx":"initandlisten","msg":"Initializing cluster server parameters from disk"}
2026-03-05T12:53:46.975-06:00  INFO 29699 --- [       Thread-3] d.f.e.m.s.autoconfigure.EmbeddedMongo    : {"t":{"$date":"2026-03-05T12:53:46.975-06:00"},"s":"I",  "c":"CONTROL",  "id":20536,   "ctx":"initandlisten","msg":"Flow Control is enabled on this deployment"}
2026-03-05T12:53:46.975-06:00  INFO 29699 --- [       Thread-3] d.f.e.m.s.autoconfigure.EmbeddedMongo    : {"t":{"$date":"2026-03-05T12:53:46.975-06:00"},"s":"I",  "c":"FTDC",     "id":20625,   "ctx":"initandlisten","msg":"Initializing full-time diagnostic data capture","attr":{"dataDirectory":"/var/folders/dn/8q_rpqh570q7flsqmxmn2tc80000gn/T/temp--17743569-8536-4406-a412-fb0802d2e06f/mongod-database11430121759605115628/diagnostic.data"}}
2026-03-05T12:53:46.979-06:00  INFO 29699 --- [       Thread-3] d.f.e.m.s.autoconfigure.EmbeddedMongo    : {"t":{"$date":"2026-03-05T12:53:46.979-06:00"},"s":"I",  "c":"STORAGE",  "id":20320,   "ctx":"initandlisten","msg":"createCollection","attr":{"namespace":"local.startup_log","uuidDisposition":"generated","uuid":{"uuid":{"$uuid":"ee357764-0bdd-4523-9053-c89f7f7e0f4d"}},"options":{"capped":true,"size":10485760}}}
2026-03-05T12:53:46.997-06:00  INFO 29699 --- [       Thread-3] d.f.e.m.s.autoconfigure.EmbeddedMongo    : {"t":{"$date":"2026-03-05T12:53:46.997-06:00"},"s":"I",  "c":"INDEX",    "id":20345,   "ctx":"initandlisten","msg":"Index build: done building","attr":{"buildUUID":null,"collectionUUID":{"uuid":{"$uuid":"ee357764-0bdd-4523-9053-c89f7f7e0f4d"}},"namespace":"local.startup_log","index":"_id_","ident":"index-3--2470872639123550772","collectionIdent":"collection-2--2470872639123550772","commitTimestamp":null}}
2026-03-05T12:53:46.997-06:00  INFO 29699 --- [       Thread-3] d.f.e.m.s.autoconfigure.EmbeddedMongo    : {"t":{"$date":"2026-03-05T12:53:46.997-06:00"},"s":"I",  "c":"REPL",     "id":6015317, "ctx":"initandlisten","msg":"Setting new configuration state","attr":{"newState":"ConfigReplicationDisabled","oldState":"ConfigPreStart"}}
2026-03-05T12:53:46.997-06:00  INFO 29699 --- [       Thread-3] d.f.e.m.s.autoconfigure.EmbeddedMongo    : {"t":{"$date":"2026-03-05T12:53:46.997-06:00"},"s":"I",  "c":"STORAGE",  "id":22262,   "ctx":"initandlisten","msg":"Timestamp monitor starting"}
2026-03-05T12:53:46.998-06:00  INFO 29699 --- [       Thread-3] d.f.e.m.s.autoconfigure.EmbeddedMongo    : {"t":{"$date":"2026-03-05T12:53:46.998-06:00"},"s":"I",  "c":"NETWORK",  "id":23015,   "ctx":"listener","msg":"Listening on","attr":{"address":"/tmp/mongodb-53598.sock"}}
2026-03-05T12:53:46.998-06:00  INFO 29699 --- [       Thread-3] d.f.e.m.s.autoconfigure.EmbeddedMongo    : {"t":{"$date":"2026-03-05T12:53:46.998-06:00"},"s":"I",  "c":"NETWORK",  "id":23015,   "ctx":"listener","msg":"Listening on","attr":{"address":"127.0.0.1"}}
2026-03-05T12:53:46.998-06:00  INFO 29699 --- [       Thread-3] d.f.e.m.s.autoconfigure.EmbeddedMongo    : {"t":{"$date":"2026-03-05T12:53:46.998-06:00"},"s":"I",  "c":"NETWORK",  "id":23016,   "ctx":"listener","msg":"Waiting for connections","attr":{"port":53598,"ssl":"off"}}
2026-03-05T12:53:47.001-06:00  INFO 29699 --- [       Thread-3] d.f.e.m.s.autoconfigure.EmbeddedMongo    : {"t":{"$date":"2026-03-05T12:53:47.001-06:00"},"s":"I",  "c":"STORAGE",  "id":20320,   "ctx":"LogicalSessionCacheRefresh","msg":"createCollection","attr":{"namespace":"config.system.sessions","uuidDisposition":"generated","uuid":{"uuid":{"$uuid":"66b5b550-3ae5-4d7c-bb0a-5c7be0224004"}},"options":{}}}
2026-03-05T12:53:47.001-06:00  INFO 29699 --- [       Thread-3] d.f.e.m.s.autoconfigure.EmbeddedMongo    : {"t":{"$date":"2026-03-05T12:53:47.001-06:00"},"s":"I",  "c":"CONTROL",  "id":20712,   "ctx":"LogicalSessionCacheReap","msg":"Sessions collection is not set up; waiting until next sessions reap interval","attr":{"error":"NamespaceNotFound: config.system.sessions does not exist"}}
2026-03-05T12:53:47.021-06:00  INFO 29699 --- [       Thread-3] d.f.e.m.s.autoconfigure.EmbeddedMongo    : {"t":{"$date":"2026-03-05T12:53:47.021-06:00"},"s":"I",  "c":"REPL",     "id":7360102, "ctx":"LogicalSessionCacheRefresh","msg":"Added oplog entry for create to transaction","attr":{"namespace":"config.$cmd","uuid":{"uuid":{"$uuid":"66b5b550-3ae5-4d7c-bb0a-5c7be0224004"}},"object":{"create":"system.sessions","idIndex":{"v":2,"key":{"_id":1},"name":"_id_"}}}}
2026-03-05T12:53:47.021-06:00  INFO 29699 --- [       Thread-3] d.f.e.m.s.autoconfigure.EmbeddedMongo    : {"t":{"$date":"2026-03-05T12:53:47.021-06:00"},"s":"I",  "c":"REPL",     "id":7360100, "ctx":"LogicalSessionCacheRefresh","msg":"Added oplog entry for createIndexes to transaction","attr":{"namespace":"config.$cmd","uuid":{"uuid":{"$uuid":"66b5b550-3ae5-4d7c-bb0a-5c7be0224004"}},"object":{"createIndexes":"system.sessions","v":2,"key":{"lastUse":1},"name":"lsidTTLIndex","expireAfterSeconds":1800}}}
2026-03-05T12:53:47.035-06:00  INFO 29699 --- [       Thread-3] d.f.e.m.s.autoconfigure.EmbeddedMongo    : {"t":{"$date":"2026-03-05T12:53:47.031-06:00"},"s":"I",  "c":"INDEX",    "id":20345,   "ctx":"LogicalSessionCacheRefresh","msg":"Index build: done building","attr":{"buildUUID":null,"collectionUUID":{"uuid":{"$uuid":"66b5b550-3ae5-4d7c-bb0a-5c7be0224004"}},"namespace":"config.system.sessions","index":"_id_","ident":"index-5--2470872639123550772","collectionIdent":"collection-4--2470872639123550772","commitTimestamp":null}}
2026-03-05T12:53:47.035-06:00  INFO 29699 --- [       Thread-3] d.f.e.m.s.autoconfigure.EmbeddedMongo    : {"t":{"$date":"2026-03-05T12:53:47.031-06:00"},"s":"I",  "c":"INDEX",    "id":20345,   "ctx":"LogicalSessionCacheRefresh","msg":"Index build: done building","attr":{"buildUUID":null,"collectionUUID":{"uuid":{"$uuid":"66b5b550-3ae5-4d7c-bb0a-5c7be0224004"}},"namespace":"config.system.sessions","index":"lsidTTLIndex","ident":"index-6--2470872639123550772","collectionIdent":"collection-4--2470872639123550772","commitTimestamp":null}}
2026-03-05T12:53:47.061-06:00  INFO 29699 --- [       Thread-3] d.f.e.m.s.autoconfigure.EmbeddedMongo    : {"t":{"$date":"2026-03-05T12:53:47.061-06:00"},"s":"I",  "c":"NETWORK",  "id":22943,   "ctx":"listener","msg":"Connection accepted","attr":{"remote":"127.0.0.1:53599","uuid":{"uuid":{"$uuid":"a58aeb1c-4a6e-4436-8987-77ebd3390f24"}},"connectionId":1,"connectionCount":1}}
2026-03-05T12:53:47.061-06:00  INFO 29699 --- [           main] org.mongodb.driver.client                : MongoClient with metadata {"driver": {"name": "mongo-java-driver|sync|spring-boot", "version": "5.0.1"}, "os": {"type": "Darwin", "name": "Mac OS X", "architecture": "aarch64", "version": "26.3"}, "platform": "Java/Homebrew/25.0.2"} created with settings MongoClientSettings{readPreference=primary, writeConcern=WriteConcern{w=null, wTimeout=null ms, journal=null}, retryWrites=true, retryReads=true, readConcern=ReadConcern{level=null}, credential=null, transportSettings=null, commandListeners=[], codecRegistry=ProvidersCodecRegistry{codecProviders=[ValueCodecProvider{}, BsonValueCodecProvider{}, DBRefCodecProvider{}, DBObjectCodecProvider{}, DocumentCodecProvider{}, CollectionCodecProvider{}, IterableCodecProvider{}, MapCodecProvider{}, GeoJsonCodecProvider{}, GridFSFileCodecProvider{}, Jsr310CodecProvider{}, JsonObjectCodecProvider{}, BsonCodecProvider{}, EnumCodecProvider{}, com.mongodb.client.model.mql.ExpressionCodecProvider@563ccd31, com.mongodb.Jep395RecordCodecProvider@72465eb2, com.mongodb.KotlinCodecProvider@478fb7dc]}, loggerSettings=LoggerSettings{maxDocumentLength=1000}, clusterSettings={hosts=[localhost:53598], srvServiceName=mongodb, mode=SINGLE, requiredClusterType=UNKNOWN, requiredReplicaSetName='null', serverSelector='null', clusterListeners='[]', serverSelectionTimeout='30000 ms', localThreshold='15 ms'}, socketSettings=SocketSettings{connectTimeoutMS=10000, readTimeoutMS=0, receiveBufferSize=0, proxySettings=ProxySettings{host=null, port=null, username=null, password=null}}, heartbeatSocketSettings=SocketSettings{connectTimeoutMS=10000, readTimeoutMS=10000, receiveBufferSize=0, proxySettings=ProxySettings{host=null, port=null, username=null, password=null}}, connectionPoolSettings=ConnectionPoolSettings{maxSize=100, minSize=0, maxWaitTimeMS=120000, maxConnectionLifeTimeMS=0, maxConnectionIdleTimeMS=0, maintenanceInitialDelayMS=0, maintenanceFrequencyMS=60000, connectionPoolListeners=[], maxConnecting=2}, serverSettings=ServerSettings{heartbeatFrequencyMS=10000, minHeartbeatFrequencyMS=500, serverListeners='[]', serverMonitorListeners='[]'}, sslSettings=SslSettings{enabled=false, invalidHostNameAllowed=false, context=null}, applicationName='null', compressorList=[], uuidRepresentation=JAVA_LEGACY, serverApi=null, autoEncryptionSettings=null, dnsClient=null, inetAddressResolver=null, contextProvider=null}
2026-03-05T12:53:47.061-06:00  INFO 29699 --- [       Thread-3] d.f.e.m.s.autoconfigure.EmbeddedMongo    : {"t":{"$date":"2026-03-05T12:53:47.061-06:00"},"s":"I",  "c":"NETWORK",  "id":22943,   "ctx":"listener","msg":"Connection accepted","attr":{"remote":"127.0.0.1:53600","uuid":{"uuid":{"$uuid":"42d69e4a-846a-4d43-b52c-04061362543e"}},"connectionId":2,"connectionCount":2}}
2026-03-05T12:53:47.066-06:00  INFO 29699 --- [       Thread-3] d.f.e.m.s.autoconfigure.EmbeddedMongo    : {"t":{"$date":"2026-03-05T12:53:47.066-06:00"},"s":"I",  "c":"NETWORK",  "id":51800,   "ctx":"conn1","msg":"client metadata","attr":{"remote":"127.0.0.1:53599","client":"conn1","doc":{"driver":{"name":"mongo-java-driver|sync|spring-boot","version":"5.0.1"},"os":{"type":"Darwin","name":"Mac OS X","architecture":"aarch64","version":"26.3"},"platform":"Java/Homebrew/25.0.2"}}}
2026-03-05T12:53:47.067-06:00  INFO 29699 --- [       Thread-3] d.f.e.m.s.autoconfigure.EmbeddedMongo    : {"t":{"$date":"2026-03-05T12:53:47.066-06:00"},"s":"I",  "c":"NETWORK",  "id":51800,   "ctx":"conn2","msg":"client metadata","attr":{"remote":"127.0.0.1:53600","client":"conn2","doc":{"driver":{"name":"mongo-java-driver|sync|spring-boot","version":"5.0.1"},"os":{"type":"Darwin","name":"Mac OS X","architecture":"aarch64","version":"26.3"},"platform":"Java/Homebrew/25.0.2"}}}
2026-03-05T12:53:47.072-06:00  INFO 29699 --- [localhost:53598] org.mongodb.driver.cluster               : Monitor thread successfully connected to server with description ServerDescription{address=localhost:53598, type=STANDALONE, state=CONNECTED, ok=true, minWireVersion=0, maxWireVersion=21, maxDocumentSize=16777216, logicalSessionTimeoutMinutes=30, roundTripTimeNanos=10009292}
2026-03-05T12:53:47.194-06:00  INFO 29699 --- [           main] eAuthenticationProviderManagerConfigurer : Global AuthenticationManager configured with AuthenticationProvider bean with name authenticationProvider
2026-03-05T12:53:47.194-06:00  WARN 29699 --- [           main] r$InitializeUserDetailsManagerConfigurer : Global AuthenticationManager configured with an AuthenticationProvider bean. UserDetailsService beans will not be used for username/password login. Consider removing the AuthenticationProvider bean. Alternatively, consider using the UserDetailsService in a manually instantiated DaoAuthenticationProvider.
2026-03-05T12:53:47.488-06:00  INFO 29699 --- [           main] o.s.b.t.m.w.SpringBootMockServletContext : Initializing Spring TestDispatcherServlet ''
2026-03-05T12:53:47.488-06:00  INFO 29699 --- [           main] o.s.t.web.servlet.TestDispatcherServlet  : Initializing Servlet ''
2026-03-05T12:53:47.489-06:00  INFO 29699 --- [           main] o.s.t.web.servlet.TestDispatcherServlet  : Completed initialization in 1 ms
2026-03-05T12:53:47.498-06:00  INFO 29699 --- [           main] c.g.t.security.SecurityIntegrationTest   : Started SecurityIntegrationTest in 1.639 seconds (process running for 2.051)
2026-03-05T12:53:47.930-06:00  INFO 29699 --- [       Thread-3] d.f.e.m.s.autoconfigure.EmbeddedMongo    : {"t":{"$date":"2026-03-05T12:53:47.930-06:00"},"s":"I",  "c":"NETWORK",  "id":22943,   "ctx":"listener","msg":"Connection accepted","attr":{"remote":"127.0.0.1:53602","uuid":{"uuid":{"$uuid":"7cfb0259-d7a5-4461-8fe0-ce12736650fb"}},"connectionId":3,"connectionCount":3}}
2026-03-05T12:53:47.930-06:00  INFO 29699 --- [       Thread-3] d.f.e.m.s.autoconfigure.EmbeddedMongo    : {"t":{"$date":"2026-03-05T12:53:47.930-06:00"},"s":"I",  "c":"NETWORK",  "id":51800,   "ctx":"conn3","msg":"client metadata","attr":{"remote":"127.0.0.1:53602","client":"conn3","doc":{"driver":{"name":"mongo-java-driver|sync|spring-boot","version":"5.0.1"},"os":{"type":"Darwin","name":"Mac OS X","architecture":"aarch64","version":"26.3"},"platform":"Java/Homebrew/25.0.2"}}}
2026-03-05T12:53:47.934-06:00  INFO 29699 --- [       Thread-3] d.f.e.m.s.autoconfigure.EmbeddedMongo    : {"t":{"$date":"2026-03-05T12:53:47.934-06:00"},"s":"I",  "c":"NETWORK",  "id":6788700, "ctx":"conn3","msg":"Received first command on ingress connection since session start or auth handshake","attr":{"elapsedMillis":3}}
2026-03-05T12:53:48.020-06:00  INFO 29699 --- [       Thread-3] d.f.e.m.s.autoconfigure.EmbeddedMongo    : {"t":{"$date":"2026-03-05T12:53:48.020-06:00"},"s":"I",  "c":"STORAGE",  "id":20320,   "ctx":"conn3","msg":"createCollection","attr":{"namespace":"test.users","uuidDisposition":"generated","uuid":{"uuid":{"$uuid":"8a56b5b3-3273-48a2-b28b-c0303704811a"}},"options":{}}}
2026-03-05T12:53:48.043-06:00  INFO 29699 --- [       Thread-3] d.f.e.m.s.autoconfigure.EmbeddedMongo    : {"t":{"$date":"2026-03-05T12:53:48.043-06:00"},"s":"I",  "c":"REPL",     "id":7360102, "ctx":"conn3","msg":"Added oplog entry for create to transaction","attr":{"namespace":"test.$cmd","uuid":{"uuid":{"$uuid":"8a56b5b3-3273-48a2-b28b-c0303704811a"}},"object":{"create":"users","idIndex":{"v":2,"key":{"_id":1},"name":"_id_"}}}}
2026-03-05T12:53:48.043-06:00  INFO 29699 --- [       Thread-3] d.f.e.m.s.autoconfigure.EmbeddedMongo    : {"t":{"$date":"2026-03-05T12:53:48.043-06:00"},"s":"I",  "c":"INDEX",    "id":20345,   "ctx":"conn3","msg":"Index build: done building","attr":{"buildUUID":null,"collectionUUID":{"uuid":{"$uuid":"8a56b5b3-3273-48a2-b28b-c0303704811a"}},"namespace":"test.users","index":"_id_","ident":"index-8--2470872639123550772","collectionIdent":"collection-7--2470872639123550772","commitTimestamp":null}}
]]></system-out>
    <system-err><![CDATA[WARNING: A Java agent has been loaded dynamically (/Users/patrickbofah/.m2/repository/net/bytebuddy/byte-buddy-agent/1.14.19/byte-buddy-agent-1.14.19.jar)
WARNING: If a serviceability tool is in use, please run with -XX:+EnableDynamicAgentLoading to hide this warning
WARNING: If a serviceability tool is not in use, please run with -Djdk.instrument.traceUsage for more information
WARNING: Dynamic loading of agents will be disallowed by default in a future release
]]></system-err>
  </testcase>
  <testcase name="loginWithBadCredentialsReturns401" classname="com.gs.techchallenge.security.SecurityIntegrationTest" time="0.136"/>
  <testcase name="investmentsEndpointRequiresAuth" classname="com.gs.techchallenge.security.SecurityIntegrationTest" time="0.002"/>
  <testcase name="duplicateRegistrationReturns409" classname="com.gs.techchallenge.security.SecurityIntegrationTest" time="0.068"/>
  <testcase name="registerAndLoginFlow" classname="com.gs.techchallenge.security.SecurityIntegrationTest" time="0.135"/>
  <testcase name="registerReturnsToken" classname="com.gs.techchallenge.security.SecurityIntegrationTest" time="0.074"/>
  <testcase name="invalidTokenReturns401" classname="com.gs.techchallenge.security.SecurityIntegrationTest" time="0.006"/>
  <testcase name="userProfileEndpointRequiresAuth" classname="com.gs.techchallenge.security.SecurityIntegrationTest" time="0.001"/>
  <testcase name="mutualFundsEndpointIsPublic" classname="com.gs.techchallenge.security.SecurityIntegrationTest" time="0.003"/>
  <testcase name="authenticatedUserCanAccessProfile" classname="com.gs.techchallenge.security.SecurityIntegrationTest" time="0.067"/>
</testsuite>